<?xml version="1.0" encoding="UTF-8"?>
<testng-results ignored="0" total="1" passed="1" failed="0" skipped="0">
  <reporter-output>
  </reporter-output>
  <suite started-at="2026-02-10T08:56:15 IST" name="Surefire suite" finished-at="2026-02-10T08:56:17 IST" duration-ms="1512">
    <groups>
    </groups>
    <test started-at="2026-02-10T08:56:15 IST" name="Surefire test" finished-at="2026-02-10T08:56:17 IST" duration-ms="1512">
      <class name="tests.SampleTest">
        <test-method signature="openGoogle()[pri:0, instance:tests.SampleTest@687ef2e0]" started-at="2026-02-10T08:56:15 IST" name="openGoogle" finished-at="2026-02-10T08:56:17 IST" duration-ms="1442" status="PASS">
          <reporter-output>
          </reporter-output>
        </test-method> <!-- openGoogle -->
      </class> <!-- tests.SampleTest -->
    </test> <!-- Surefire test -->
  </suite> <!-- Surefire suite -->
</testng-results>
