<?xml version="1.0" encoding="UTF-8"?>
<testng-results ignored="0" total="1" passed="1" failed="0" skipped="0">
  <reporter-output>
  </reporter-output>
  <suite started-at="2026-02-10T08:55:18 IST" name="Default suite" finished-at="2026-02-10T08:55:19 IST" duration-ms="1634">
    <groups>
    </groups>
    <test started-at="2026-02-10T08:55:18 IST" name="Default test" finished-at="2026-02-10T08:55:19 IST" duration-ms="1634">
      <class name="tests.SampleTest">
        <test-method signature="openGoogle()[pri:0, instance:tests.SampleTest@2cc3ad05]" started-at="2026-02-10T08:55:18 IST" name="openGoogle" finished-at="2026-02-10T08:55:19 IST" duration-ms="1539" status="PASS">
          <reporter-output>
          </reporter-output>
        </test-method> <!-- openGoogle -->
      </class> <!-- tests.SampleTest -->
    </test> <!-- Default test -->
  </suite> <!-- Default suite -->
</testng-results>
